<?xml version="1.0" encoding="UTF-8"?>
<!-- Generated by org.testng.reporters.JUnitReportReporter -->
<testsuite hostname="ojt17-PC" name="DriverFactory.AppTest" tests="1" failures="0" timestamp="18 Dec 2019 10:36:44 GMT" time="75.222" errors="0">
  <testcase name="startTest" time="75.222" classname="DriverFactory.AppTest"/>
</testsuite> <!-- DriverFactory.AppTest -->
