<?xml version="1.0" encoding="UTF-8"?>
<!-- Generated by org.testng.reporters.JUnitReportReporter -->
<testsuite hostname="ojt17-PC" name="DriverFactory.DataDrivenFrameWork" tests="1" failures="0" timestamp="10 Dec 2019 08:01:46 GMT" time="94.988" errors="0">
  <testcase name="supplierCre" time="94.988" classname="DriverFactory.DataDrivenFrameWork"/>
</testsuite> <!-- DriverFactory.DataDrivenFrameWork -->
